Starting Single Run, Sweeps and Corners...

Current time: Mon Aug 30 14:38:40 2021 
Best design point: 1
Design specs: 
	BioZ_EMG_Model:BioZ_AFE_DTBPSDM_CRFB_N-path_v4_TB:1	corner	Nominal - 
Design parameters: 
	t_trans		5m
	pi		3.142
	Voh		1.8
	vcm		900m
	vpk		800m
	fs		62.5K
	f0		15.62K
	fB		122.1
	a1		197.3m
	a2		143.5m
	b1		98.65m
	c1		93.45m
	c2		2.85
	Cf		50p
	Av1_dB		100
	Av2_dB		100
	Av1		100K
	Av2		100K
	BW1		62.5K
	BW2		62.5K
	GBW1		6.25G
	GBW2		6.25G
	SR1		2*pi*GBW1*Voh
	SR2		2*pi*GBW2*Voh
	tr		20n
	tf		20n
	Rdc		300
	Rac		100
	Ron		1
	Roff		1G
	Voffp_comp		0
	Voffn_comp		0
	tdelay_comp		0
	BW		62.5K

Interactive.1030
Number of points completed: 1
Number of simulation errors: 0
Interactive.1030 completed. 
Current time: Mon Aug 30 14:39:16 2021 
