Starting Single Run, Sweeps and Corners...

Current time: Fri Sep 24 19:38:19 2021 
Best design point: 1
Design specs: 
	BioZ_EMG_Model:BioZ_AFE_DTBPSDM_CRFB_N-path_v7_TB:1	corner	Nominal - 
	sum1		Error	No
	comp		Error	No
Design parameters: 
	t_trans		2m
	pi		3.142
	Voh		1.8
	vcm		0
	vpk		800m
	fs		62.5K
	f0		15.62K
	fB		122.1
	a1		1.067
	a2		977.7m
	a3		1.335
	b1		489.1m
	c1		489.1m
	c2		266m
	c3		79.4m
	Cf		30p
	Av1_dB		75
	Av2_dB		75
	Av3_dB		75
	Av1		5.623K
	Av2		5.623K
	Av3		5.623K
	BW1		62.5K
	BW2		62.5K
	BW3		62.5K
	GBW1		351.5M
	GBW2		351.5M
	GBW3		351.5M
	SR1		2*pi*GBW1*Voh
	SR2		2*pi*GBW2*Voh
	SR3		2*pi*GBW3*Voh
	tr		20n
	tf		20n
	Rdc		300
	Rac		100
	Ron		140
	Roff		500M
	Voffp_comp		0
	Voffn_comp		0
	tdelay_comp		0
	BW		62.5K

Interactive.932
Number of points completed: 1
Number of simulation errors: 2
Interactive.932 completed. 
Current time: Fri Sep 24 19:38:47 2021 
