Starting Single Run, Sweeps and Corners...

Current time: Wed Sep 29 18:24:56 2021 
Best design point: 1
Design specs: 
	BioZ_EMG_Model:BioZ_AFE_DTBPSDM_diff_opamp_TB:1	corner	Nominal - 
	GBW_1		289.9M
	PM_1		66.65
	BW_1		129.6M
Design parameters: 
	t_trans		5m
	vcm		0
	vpk		100m
	fs		62.5K
	f0		1K
	fB		122.1
	Av_dB		70
	Av		3.162K
	BW		62.5K
	SR		2.235G
	Cf		30p
	b1		2
	Roff		500M
	Ron		10
	tf		20n
	tr		20n

Interactive.1188
Number of points completed: 3
Number of simulation errors: 0
Interactive.1188 completed. 
Current time: Wed Sep 29 18:25:03 2021 
