Starting Single Run, Sweeps and Corners...

Current time: Wed Aug 11 15:30:00 2021 
Best design point: 1
Design specs: 
	BioZ_EMG_Model:BioZ_AFE_DTBPSDM_CRFF_N-path_TB:1	corner	Nominal - 
Design parameters: 
	t_trans		1m
	pi		3.142
	Voh		1.8
	vcm		900m
	vpk		800m
	fs		62.5K
	f0		15.62K
	fB		122.1
	a1		619.2m
	a2		3.316
	b1		660.6m
	c1		660.6m
	c2		48m
	Cf		200p
	Av_dB		60
	Av		1K
	BW		6.25K
	GBW		6.25M
	SR		2*pi*GBW*Voh
	tr		20n
	tf		20n
	Rdc		300
	Rac		100
	Ron		1
	Roff		1G
	Voffp_comp		0
	Voffn_comp		0
	tdelay_comp		0

Interactive.780
Number of points completed: 1
Number of simulation errors: 0
Interactive.780 completed. 
Current time: Wed Aug 11 15:30:29 2021 
