Starting Single Run, Sweeps and Corners...

Current time: Wed Sep 29 14:15:35 2021 
Best design point: 1
Design specs: 
	BioZ_EMG_Model:BioZ_AFE_DTBPSDM_diff_opamp_TB:1	corner	Nominal - 
	BW_vams_amp		41.14M
	GBW_vams_amp		75.82M
	PM_vams_amp		43.43
	BW_mos_ac_amp		9.789M
	GBW_mos_ac_amp		21.92M
	PM_mos_ac_amp		66.68
	BW_vams_int		15.6K
	GBW_vams_int		56.56M
	PM_vams_int		74.41
	BW_mos_ac_int		16.01K
	GBW_mos_ac_int		59.57M
	PM_mos_ac_int		83.36
	BW_mos_ac_int2		12.69K
	GBW_mos_ac_int2		44.99M
	PM_mos_ac_int2		-70.41
Design parameters: 
	t_trans		5m
	vcm		0
	vpk		100m
	fs		62.5K
	f0		15.62K
	fB		122.1
	Av_dB		71.39
	Av		3.711K
	BW		15.62K
	SR		655.8M
	Cf		30p
	b1		2
	Roff		500M
	Ron		10
	Rout_ac		100
	tf		20n
	tr		20n
	rf		150K
	wp2		750K
	wz		5M

Interactive.1206
Number of points completed: 1
Number of simulation errors: 0
Interactive.1206 completed. 
Current time: Wed Sep 29 14:16:10 2021 
