Starting Single Run, Sweeps and Corners...

Current time: Wed Sep 29 16:08:44 2021 
Best design point: 1
Design specs: 
	BioZ_EMG_Model:BioZ_AFE_DTBPSDM_diff_opamp_TB:1	corner	Nominal - 
Design parameters: 
	t_trans		5m
	vcm		900m
	vpk		100m
	fs		62.5K
	f0		1K
	fB		122.1
	Av_dB		70
	Av		3.162K
	BW		62.5K
	SR		2.235G
	Cf		30p
	b1		490m
	Roff		500M
	Ron		10
	tf		20n
	tr		20n

Interactive.1155
Number of points completed: 1
Number of simulation errors: 1
Interactive.1155 completed. 
Current time: Wed Sep 29 16:08:51 2021 
