Starting Single Run, Sweeps and Corners...

Current time: Wed Sep 29 16:03:15 2021 
Best design point: 1
Design specs: 
	BioZ_EMG_Model:BioZ_AFE_DTBPSDM_diff_opamp_TB:1	corner	Nominal - 
	GBW_1		Error	No
	PM_1		Error	No
	BW_1		Error	No
Design parameters: 
	t_trans		5m
	vcm		0
	vpk		100m
	fs		62.5K
	f0		1K
	fB		122.1
	Av_dB		70
	Av		3.162K
	BW		62.5K
	SR		2.235G
	Cf		30p
	b1		490m
	Roff		500M
	Ron		10
	tf		20n
	tr		20n

Interactive.1151
Number of points completed: 1
Number of simulation errors: 3
Interactive.1151 completed. 
Current time: Wed Sep 29 16:03:20 2021 
