Starting Single Run, Sweeps and Corners...

Current time: Wed Sep 29 23:39:42 2021 
Best design point: 1
Design specs: 
	BioZ_EMG_Model:BioZ_AFE_DTBPSDM_CRFF_N-path_v6_TB:1	corner	Nominal - 
	comp		Error	No
Design parameters: 
	t_trans		2m
	pi		3.142
	Voh		1.8
	vcm		900m
	dBfs		-1
	vpk		802.1m
	fs		62.5K
	f0		15.62K
	fB		122.1
	a1		1.067
	a2		977.7m
	a3		1.335
	b1		489.1m
	c1		489.1m
	c2		266m
	c3		79.4m
	Cf		10p
	Ch		1p
	cap_mismatch		0
	tr		20n
	tf		20n
	Ron		10
	Roff		500M
	Voffp_comp		0
	Voffn_comp		0
	tdelay_comp		0

Interactive.1007
Number of points completed: 1
Number of simulation errors: 1
Interactive.1007 completed. 
Current time: Wed Sep 29 23:40:29 2021 
