Starting Single Run, Sweeps and Corners...

Current time: Tue Jun  1 20:08:06 2021 
Best design point: 1
Design specs: 
	BioZ_EMG_Model:BioZ_AFE_CTBPSDM_TB:1	corner	Nominal - 
Design parameters: 
	t_trans		263m
	vcm		0
	vpk		721m
	pi		3.142
	n_bw		10
	Q		100
	fs		62.5K
	f0		15.62K
	fB		30.52
	ws		2*pi*fs
	w0		2*pi*f0
	k1err		1
	k2err		1
	k3err		1
	k4err		1
	wp1		n_bw*ws
	wp2		n_bw*ws
	wp3		n_bw*ws
	wp4		n_bw*ws
	bw1_en		1
	bw2_en		1
	bw3_en		1
	bw4_en		1

Interactive.432
Number of points completed: 1
Number of simulation errors: 0
Interactive.432 completed. 
Current time: Tue Jun  1 20:08:36 2021 
