Starting Single Run, Sweeps and Corners...

Current time: Tue Aug 24 19:12:35 2021 
Best design point: 1
Design specs: 
	BioZ_EMG_Model:BioZ_AFE_DTBPSDM_CRFB_N-path_v2_TB:1	corner	Nominal - 
	sum1		Error	No
Design parameters: 
	t_trans		263m
	pi		3.142
	Voh		1.8
	vcm		900m
	vpk		800m
	fs		62.5K
	f0		15.62K
	fB		122.1
	a1		197.3m
	a2		143.5m
	b1		197.3m
	c1		186.9m
	c2		2.85
	Cf		25p
	Cc		250f
	Av1_dB		80
	Av2_dB		60
	Av1		10K
	Av2		1K
	BW1		62.5K
	BW2		62.5K
	GBW1		625M
	GBW2		62.5M
	SR1		2*pi*GBW1*Voh
	SR2		2*pi*GBW2*Voh
	tr		20n
	tf		20n
	Rdc		300
	Rac		100
	Ron		1
	Roff		1G
	Voffp_comp		0
	Voffn_comp		0
	tdelay_comp		0
	BW		62.5K

Interactive.882
Number of points completed: 1
Number of simulation errors: 1
Interactive.882 completed. 
Current time: Tue Aug 24 19:20:19 2021 
