Starting Single Run, Sweeps and Corners...

Current time: Wed Nov 11 18:30:24 2020 
Best design point: 1
Design specs: 
	BioZ_EMG_Model:BioZ_AFE_TB_2:ALL	corner	Nominal - 
	real_spectrum		15.97
	imag_spectrum		1.66
	mag_spectrum		16.06
	pha_spectrum		5.933
	integrated_noise		49.17u
	Isource_rms		70.35u
	Resolution_rms		699m
	mag_d		-73.34m
	pha_d		1.269
	mag_rmsd		Error	No
	pha_rmsd		Error	No
	G0		-802
	EP		27.5f
	EN		81.76u
	IM2		20.44u
	IM3		10.22u
	IM2_val		20.44u
	IM3_val		10.22u
	IM2_dB		-93.79
	IM3_dB		-99.81
Design parameters: 
	freq_bioz		976.6
	a1		950m
	a2		880m
	a3		860m
	R1		10.5
	R2		8.7
	R3		1.8
	Rinf		6
	Z1		2.4K
	Z2		1.7M
	Z3		6K
	IS		-100u
	IS_DC		0
	IS_offset		0
	IS_phase_AC		90
	IS_phase_trans		90
	IS_pk		100u
	t_meas		7m

Interactive.104
Number of points completed: 11
Number of simulation errors: 62
Interactive.104 completed. 
Current time: Wed Nov 11 18:49:34 2020 
