Starting Single Run, Sweeps and Corners...

Current time: Wed Nov 11 18:27:34 2020 
Best design point: 1
Design specs: 
	BioZ_EMG_Model:BioZ_AFE_TB_2:ALL	corner	Nominal - 
Design parameters: 
	freq_bioz		976.6
	a1		950m
	a2		880m
	a3		860m
	R1		10.5
	R2		8.7
	R3		1.8
	Rinf		6
	Z1		2.4K
	Z2		1.7M
	Z3		6K
	IS		-100u
	IS_DC		0
	IS_offset		0
	IS_phase_AC		90
	IS_phase_trans		90
	IS_pk		100u
	t_meas		7m

Received stop signal from user. 
Interactive.103 completed. 
Current time: Wed Nov 11 18:29:07 2020 
