Starting Single Run, Sweeps and Corners...

Current time: Thu Nov 12 18:06:13 2020 
Best design point: 1
Design specs: 
	BioZ_EMG_Model:BioZ_AFE_TB_2:ALL	corner	Nominal - 
	real_spectrum		5.524
	imag_spectrum		679.3m
	mag_spectrum		5.566
	pha_spectrum		7.011
	integrated_noise		48.99u
	Isource_rms		70.09u
	Resolution_rms		698.9m
	mag_d		-10.56
	pha_d		2.347
	mag_rmsd		Error	No
	pha_rmsd		Error	No
	G0		-1.782K
	EP		144.3f
	EN		81.76u
	IM2		20.44u
	IM3		10.22u
	IM2_val		20.44u
	IM3_val		10.22u
	IM2_dB		-93.79
	IM3_dB		-99.81
Design parameters: 
	freq_bioz		976.6
	a1		950m
	a2		880m
	a3		860m
	R1		10.5
	R2		8.7
	R3		1.8
	Rinf		6
	Z1		2.4K
	Z2		1.7M
	Z3		6K
	IS		-100u
	IS_DC		0
	IS_offset		0
	IS_phase_AC		90
	IS_phase_trans		90
	IS_pk		100u
	t_meas		4.5m

Received stop signal from user. 
Interactive.109 completed. 
Current time: Thu Nov 12 18:13:52 2020 
