Starting Single Run, Sweeps and Corners...

Current time: Wed Nov 11 19:01:01 2020 
Best design point: 1
Design specs: 
	BioZ_EMG_Model:BioZ_AFE_TB_2:ALL	corner	Nominal - 
	real_spectrum		14.92
	imag_spectrum		2.128
	mag_spectrum		15.07
	pha_spectrum		8.117
	integrated_noise		49.17u
	Isource_rms		Error	No
	Resolution		Error	No
	Resolution_rms		Error	No
	mag_d		-1.059
	pha_d		3.453
	mag_rmsd		Error	No
	pha_rmsd		Error	No
	G0		-802
	EP		27.5f
	EN		81.76u
	IM2		20.44u
	IM3		10.22u
	IM2_val		20.44u
	IM3_val		10.22u
	IM2_dB		-93.79
	IM3_dB		-99.81
Design parameters: 
	freq_bioz		976.6
	a1		950m
	a2		880m
	a3		860m
	R1		10.5
	R2		8.7
	R3		1.8
	Rinf		6
	Z1		2.4K
	Z2		1.7M
	Z3		6K
	IS		-100u
	IS_DC		0
	IS_offset		0
	IS_phase_AC		90
	IS_phase_trans		90
	IS_pk		100u
	t_meas		5m

Interactive.105
Number of points completed: 11
Number of simulation errors: 65
Interactive.105 completed. 
Current time: Wed Nov 11 19:15:47 2020 
