Starting Single Run, Sweeps and Corners...

Current time: Thu Nov 12 18:49:43 2020 
Best design point: 1
Design specs: 
	BioZ_EMG_Model:BioZ_AFE_TB_2:ALL	corner	Nominal - 
	real_spectrum		15.65
	imag_spectrum		1.934
	mag_spectrum		15.77
	pha_spectrum		7.046
	integrated_noise		48.99u
	Isource_rms		350.4u
	Resolution_rms		139.8m
	mag_d		-359.5m
	pha_d		2.381
	mag_rmsd		Error	No
	pha_rmsd		Error	No
	G0		-5.338K
	EP		4.143p
	EN		409.5u
	IM2		102.4u
	IM3		51.19u
	IM2_val		102.4u
	IM3_val		51.19u
	IM2_dB		-79.8
	IM3_dB		-85.82
Design parameters: 
	freq_bioz		976.6
	a1		950m
	a2		880m
	a3		860m
	R1		10.5
	R2		8.7
	R3		1.8
	Rinf		6
	Z1		2.4K
	Z2		1.7M
	Z3		6K
	IS		-500u
	IS_DC		0
	IS_offset		0
	IS_phase_AC		90
	IS_phase_trans		90
	IS_pk		500u
	t_meas		4.5m

Interactive.111
Number of points completed: 11
Number of simulation errors: 62
Interactive.111 completed. 
Current time: Thu Nov 12 19:04:01 2020 
